<?xml version="1.0" encoding="utf-8"?><testsuites name="pytest tests"><testsuite name="pytest" errors="0" failures="0" skipped="0" tests="66" time="2.771" timestamp="2026-09-09T15:55:11.948456+01:00" hostname="192.168.11.103"><testcase classname="tests.test_editorial" name="test_recorded_is_explicit_sample_fixture" time="0.001" /><testcase classname="tests.test_editorial" name="test_missing_key_never_falls_back" time="0.000" /><testcase classname="tests.test_editorial" name="test_real_sdk_parses_mock_http_response_and_binds_source" time="0.292" /><testcase classname="tests.test_editorial" name="test_http_errors_are_actionable[401-API key]" time="0.002" /><testcase classname="tests.test_editorial" name="test_http_errors_are_actionable[429-quota]" time="0.001" /><testcase classname="tests.test_editorial" name="test_http_errors_are_actionable[500-HTTP 500]" time="0.001" /><testcase classname="tests.test_editorial" name="test_unusable_model_outputs_rejected[refusal]" time="0.000" /><testcase classname="tests.test_editorial" name="test_unusable_model_outputs_rejected[incomplete]" time="0.000" /><testcase classname="tests.test_editorial" name="test_unusable_model_outputs_rejected[wrong_revision]" time="0.000" /><testcase classname="tests.test_editorial" name="test_unusable_model_outputs_rejected[wrong_hash]" time="0.001" /><testcase classname="tests.test_editorial" name="test_unusable_model_outputs_rejected[malformed]" time="0.001" /><testcase classname="tests.test_editorial" name="test_network_failure_preserves_revision[APIConnectionError]" time="0.001" /><testcase classname="tests.test_editorial" name="test_network_failure_preserves_revision[APITimeoutError]" time="0.000" /><testcase classname="tests.test_editorial" name="test_inconsistent_source_hash_rejected_before_call" time="0.000" /><testcase classname="tests.test_handoff" name="test_clean_candidate_preserves_every_codepoint_and_line_ending" time="0.000" /><testcase classname="tests.test_handoff" name="test_genuine_corruptions_fail_and_block_export[missing_line-span_coverage]" time="0.002" /><testcase classname="tests.test_handoff" name="test_genuine_corruptions_fail_and_block_export[duplicated-span_coverage]" time="0.001" /><testcase classname="tests.test_handoff" name="test_genuine_corruptions_fail_and_block_export[altered-span_text]" time="0.001" /><testcase classname="tests.test_handoff" name="test_genuine_corruptions_fail_and_block_export[reordered-span_coverage]" time="0.001" /><testcase classname="tests.test_handoff" name="test_genuine_corruptions_fail_and_block_export[wrong_revision-candidate_revision]" time="0.001" /><testcase classname="tests.test_handoff" name="test_wrong_revision_contains_actual_old_manuscript" time="0.000" /><testcase classname="tests.test_handoff" name="test_candidate_cannot_supply_its_own_approval[None]" time="0.000" /><testcase classname="tests.test_handoff" name="test_candidate_cannot_supply_its_own_approval[trusted_approval1]" time="0.000" /><testcase classname="tests.test_handoff" name="test_candidate_cannot_supply_its_own_approval[trusted_approval2]" time="0.000" /><testcase classname="tests.test_handoff" name="test_old_approval_cannot_approve_a_new_revision_even_with_same_text" time="0.000" /><testcase classname="tests.test_handoff" name="test_complete_approval_record_must_match_independent_record[actor-Someone else]" time="0.000" /><testcase classname="tests.test_handoff" name="test_complete_approval_record_must_match_independent_record[id-forged_id]" time="0.000" /><testcase classname="tests.test_handoff" name="test_complete_approval_record_must_match_independent_record[approved_at-2099-01-01T00:00:00Z]" time="0.000" /><testcase classname="tests.test_handoff" name="test_source_hash_is_recomputed_and_never_trusted" time="0.000" /><testcase classname="tests.test_handoff" name="test_real_zip_bytes_have_all_files_hashes_and_independent_validation" time="0.002" /><testcase classname="tests.test_handoff" name="test_actual_manuscript_tamper_rejected_even_after_manifest_recomputed" time="0.002" /><testcase classname="tests.test_handoff" name="test_consistently_forged_candidate_report_and_manifest_cannot_bless_missing_text" time="0.002" /><testcase classname="tests.test_handoff" name="test_packaged_output_must_match_specific_validated_candidate" time="0.001" /><testcase classname="tests.test_handoff" name="test_tampered_success_report_is_rejected" time="0.001" /><testcase classname="tests.test_handoff" name="test_duplicate_zip_filenames_are_blocked" time="0.001" /><testcase classname="tests.test_handoff" name="test_missing_package_file_is_blocked" time="0.001" /><testcase classname="tests.test_handoff" name="test_invalid_span_boundaries_are_blocked[negative]" time="0.000" /><testcase classname="tests.test_handoff" name="test_invalid_span_boundaries_are_blocked[boolean]" time="0.000" /><testcase classname="tests.test_handoff" name="test_invalid_span_boundaries_are_blocked[overrun]" time="0.000" /><testcase classname="tests.test_handoff" name="test_invalid_span_boundaries_are_blocked[empty]" time="0.000" /><testcase classname="tests.test_handoff" name="test_blocking_issues_prevent_export_but_warnings_do_not" time="0.000" /><testcase classname="tests.test_handoff" name="test_whitespace_normalization_is_not_accepted" time="0.000" /><testcase classname="tests.test_store" name="test_exact_unicode_and_line_breaks_persist_across_restart" time="0.006" /><testcase classname="tests.test_store" name="test_revisions_form_linear_history_and_cannot_be_changed" time="0.005" /><testcase classname="tests.test_store" name="test_approval_is_bound_to_exact_revision_even_if_text_is_identical" time="0.005" /><testcase classname="tests.test_store" name="test_accept_and_reject_are_independent_atomic_decisions" time="0.005" /><testcase classname="tests.test_store" name="test_multiple_edits_use_original_positions_and_preserve_untouched_bytes" time="0.005" /><testcase classname="tests.test_store" name="test_all_rejected_creates_no_revision_and_decision_cannot_be_rewritten" time="0.005" /><testcase classname="tests.test_store" name="test_missing_and_repeated_passages_cannot_be_accepted[No, no. No, no.-No, no.-ambiguous]" time="0.006" /><testcase classname="tests.test_store" name="test_missing_and_repeated_passages_cannot_be_accepted[aaaa-aa-ambiguous]" time="0.006" /><testcase classname="tests.test_store" name="test_missing_and_repeated_passages_cannot_be_accepted[There is wind.-snow-missing]" time="0.005" /><testcase classname="tests.test_store" name="test_overlapping_batch_rolls_back_all_decisions" time="0.005" /><testcase classname="tests.test_store" name="test_duplicate_proposals_cannot_both_be_accepted" time="0.007" /><testcase classname="tests.test_store" name="test_stale_suggestions_and_approvals_do_not_modify_new_revision" time="0.006" /><testcase classname="tests.test_store" name="test_wrong_revision_suggestion_and_unknown_id_roll_back_batch" time="0.006" /><testcase classname="tests.test_store" name="test_suggestion_save_is_atomic_if_any_proposal_is_invalid" time="0.005" /><testcase classname="tests.test_store" name="test_candidates_and_validation_history_survive_restart" time="0.006" /><testcase classname="tests.test_store" name="test_empty_store_and_in_memory_workspace" time="0.002" /><testcase classname="tests.test_ui" name="test_ui_successful_workflow_and_restart_persistence" time="0.385" /><testcase classname="tests.test_ui" name="test_ui_missing_line_blocks_export_then_recovery_requires_validation" time="0.274" /><testcase classname="tests.test_ui" name="test_ui_wrong_revision_and_subsequent_edit_cannot_reuse_old_export" time="0.467" /><testcase classname="tests.test_ui" name="test_ui_requires_explicit_decisions_and_preserves_history_on_sample_reload" time="0.151" /><testcase classname="tests.test_ui" name="test_ui_live_unavailable_is_explicit_and_has_no_recorded_fallback" time="0.115" /><testcase classname="tests.test_ui" name="test_ui_default_sessions_are_isolated_and_resettable" time="0.218" /><testcase classname="tests.test_ui" name="test_ui_api_key_alone_cannot_enable_live_calls" time="0.119" /><testcase classname="tests.test_ui" name="test_ui_enabled_live_mode_requires_fresh_revision_consent" time="0.159" /></testsuite></testsuites>